
Jan 17 2022 21:16:47  this is an error message
Jan 17 2022 21:16:47 this is a warning message
Jan 17 2022 21:16:47 this is an info message
Jan 17 2022 21:16:47 this is a debug message
Jan 17 2022 21:16:47 This output is seen
Jan 17 2022 21:16:47 This output is seen
Jan 17 2022 21:16:47 This output is seen
Jan 17 2022 21:16:47 This output is seen
Jan 17 2022 21:16:47 This output is seen
Jan 17 2022 21:16:47 This output is seen
Jan 17 2022 21:16:47 This output is seen
Jan 17 2022 21:16:47 This output is seen
Jan 17 2022 21:16:47 This output is seen
Jan 17 2022 21:16:47 This output is seen
Jan 17 2022 21:16:47  this is an error message
Jan 17 2022 21:16:47 this is a warning message
Jan 17 2022 21:16:47 this is an info message
Jan 17 2022 21:16:47 this is a debug message
Jan 17 2022 21:16:47 This output is seen
Jan 17 2022 21:16:47 This output is seen
Jan 17 2022 21:16:47 This output is seen
Jan 17 2022 21:16:47 This output is seen
Jan 17 2022 21:16:47 This output is seen
Jan 17 2022 21:16:47 This output is seen
Jan 17 2022 21:16:47 This output is seen
Jan 17 2022 21:16:47 This output is seen
Jan 17 2022 21:16:47 This output is seen
Jan 17 2022 21:16:47 This output is seen